[    0.000000] Linux version 4.15.0-153-generic (buildd@lgw01-amd64-004) (gcc version 7.5.0 (Ubuntu 7.5.0-3ubuntu1~18.04)) #160-Ubuntu SMP Thu Jul 29 06:54:29 UTC 2021 (Ubuntu 4.15.0-153.160-generic 4.15.18)
[    0.000000] Command line: BOOT_IMAGE=/boot/vmlinuz-4.15.0-153-generic root=LABEL=cloudimg-rootfs ro console=tty1 console=ttyS0
[    0.000000] KERNEL supported cpus:
[    0.000000]   Intel GenuineIntel
[    0.000000]   AMD AuthenticAMD
[    0.000000]   Centaur CentaurHauls
[    0.000000] x86/fpu: x87 FPU will use FXSAVE
[    0.000000] e820: BIOS-provided physical RAM map:
[    0.000000] BIOS-e820: [mem 0x0000000000000000-0x000000000009fbff] usable
[    0.000000] BIOS-e820: [mem 0x000000000009fc00-0x000000000009ffff] reserved
[    0.000000] BIOS-e820: [mem 0x00000000000f0000-0x00000000000fffff] reserved
[    0.000000] BIOS-e820: [mem 0x0000000000100000-0x000000007e7effff] usable
[    0.000000] BIOS-e820: [mem 0x000000007e7f0000-0x000000007e7fffff] ACPI data
[    0.000000] BIOS-e820: [mem 0x00000000fec00000-0x00000000fec00fff] reserved
[    0.000000] BIOS-e820: [mem 0x00000000fee00000-0x00000000fee00fff] reserved
[    0.000000] BIOS-e820: [mem 0x00000000fffc0000-0x00000000ffffffff] reserved
[    0.000000] NX (Execute Disable) protection: active
[    0.000000] SMBIOS 2.5 present.
[    0.000000] DMI: innotek GmbH VirtualBox/VirtualBox, BIOS VirtualBox 12/01/2006
[    0.000000] Hypervisor detected: KVM
[    0.000000] e820: last_pfn = 0x7e7f0 max_arch_pfn = 0x400000000
[    0.000000] MTRR: Disabled
[    0.000000] x86/PAT: MTRRs disabled, skipping PAT initialization too.
[    0.000000] CPU MTRRs all blank - virtualized system.
[    0.000000] x86/PAT: Configuration [0-7]: WB  WT  UC- UC  WB  WT  UC- UC  
[    0.000000] found SMP MP-table at [mem 0x0009fff0-0x0009ffff]
[    0.000000] Scanning 1 areas for low memory corruption
[    0.000000] RAMDISK: [mem 0x359d1000-0x36cdffff]
[    0.000000] ACPI: Early table checksum verification disabled
[    0.000000] ACPI: RSDP 0x00000000000E0000 000024 (v02 VBOX  )
[    0.000000] ACPI: XSDT 0x000000007E7F0030 00003C (v01 VBOX   VBOXXSDT 00000001 ASL  00000061)
[    0.000000] ACPI: FACP 0x000000007E7F00F0 0000F4 (v04 VBOX   VBOXFACP 00000001 ASL  00000061)
[    0.000000] ACPI: DSDT 0x000000007E7F0470 002325 (v02 VBOX   VBOXBIOS 00000002 INTL 20100528)
[    0.000000] ACPI: FACS 0x000000007E7F0200 000040
[    0.000000] ACPI: FACS 0x000000007E7F0200 000040
[    0.000000] ACPI: APIC 0x000000007E7F0240 00005C (v02 VBOX   VBOXAPIC 00000001 ASL  00000061)
[    0.000000] ACPI: SSDT 0x000000007E7F02A0 0001CC (v01 VBOX   VBOXCPUT 00000002 INTL 20100528)
[    0.000000] ACPI: Reserving FACP table memory at [mem 0x7e7f00f0-0x7e7f01e3]
[    0.000000] ACPI: Reserving DSDT table memory at [mem 0x7e7f0470-0x7e7f2794]
[    0.000000] ACPI: Reserving FACS table memory at [mem 0x7e7f0200-0x7e7f023f]
[    0.000000] ACPI: Reserving FACS table memory at [mem 0x7e7f0200-0x7e7f023f]
[    0.000000] ACPI: Reserving APIC table memory at [mem 0x7e7f0240-0x7e7f029b]
[    0.000000] ACPI: Reserving SSDT table memory at [mem 0x7e7f02a0-0x7e7f046b]
[    0.000000] No NUMA configuration found
[    0.000000] Faking a node at [mem 0x0000000000000000-0x000000007e7effff]
[    0.000000] NODE_DATA(0) allocated [mem 0x7e7c5000-0x7e7effff]
[    0.000000] kvm-clock: cpu 0, msr 0:7e744001, primary cpu clock
[    0.000000] kvm-clock: Using msrs 4b564d01 and 4b564d00
[    0.000000] kvm-clock: using sched offset of 5512854550 cycles
[    0.000000] clocksource: kvm-clock: mask: 0xffffffffffffffff max_cycles: 0x1cd42e4dffb, max_idle_ns: 881590591483 ns
[    0.000000] Zone ranges:
[    0.000000]   DMA      [mem 0x0000000000001000-0x0000000000ffffff]
[    0.000000]   DMA32    [mem 0x0000000001000000-0x000000007e7effff]
[    0.000000]   Normal   empty
[    0.000000]   Device   empty
[    0.000000] Movable zone start for each node
[    0.000000] Early memory node ranges
[    0.000000]   node   0: [mem 0x0000000000001000-0x000000000009efff]
[    0.000000]   node   0: [mem 0x0000000000100000-0x000000007e7effff]
[    0.000000] Reserved but unavailable: 104 pages
[    0.000000] Initmem setup node 0 [mem 0x0000000000001000-0x000000007e7effff]
[    0.000000] ACPI: PM-Timer IO Port: 0x4008
[    0.000000] IOAPIC[0]: apic_id 2, version 32, address 0xfec00000, GSI 0-23
[    0.000000] ACPI: INT_SRC_OVR (bus 0 bus_irq 0 global_irq 2 dfl dfl)
[    0.000000] ACPI: INT_SRC_OVR (bus 0 bus_irq 9 global_irq 9 low level)
[    0.000000] Using ACPI (MADT) for SMP configuration information
[    0.000000] smpboot: Allowing 2 CPUs, 0 hotplug CPUs
[    0.000000] PM: Registered nosave memory: [mem 0x00000000-0x00000fff]
[    0.000000] PM: Registered nosave memory: [mem 0x0009f000-0x0009ffff]
[    0.000000] PM: Registered nosave memory: [mem 0x000a0000-0x000effff]
[    0.000000] PM: Registered nosave memory: [mem 0x000f0000-0x000fffff]
[    0.000000] e820: [mem 0x7e800000-0xfebfffff] available for PCI devices
[    0.000000] Booting paravirtualized kernel on KVM
[    0.000000] clocksource: refined-jiffies: mask: 0xffffffff max_cycles: 0xffffffff, max_idle_ns: 7645519600211568 ns
[    0.000000] random: get_random_bytes called from start_kernel+0x99/0x500 with crng_init=0
[    0.000000] setup_percpu: NR_CPUS:8192 nr_cpumask_bits:2 nr_cpu_ids:2 nr_node_ids:1
[    0.000000] percpu: Embedded 45 pages/cpu s147456 r8192 d28672 u1048576
[    0.000000] PV qspinlock hash table entries: 256 (order: 0, 4096 bytes)
[    0.000000] Built 1 zonelists, mobility grouping on.  Total pages: 509913
[    0.000000] Policy zone: DMA32
[    0.000000] Kernel command line: BOOT_IMAGE=/boot/vmlinuz-4.15.0-153-generic root=LABEL=cloudimg-rootfs ro console=tty1 console=ttyS0
[    0.000000] Memory: 1990336K/2072120K available (12300K kernel code, 2483K rwdata, 4320K rodata, 2448K init, 2724K bss, 81784K reserved, 0K cma-reserved)
[    0.000000] SLUB: HWalign=64, Order=0-3, MinObjects=0, CPUs=2, Nodes=1
[    0.000000] Kernel/User page tables isolation: enabled
[    0.000000] ftrace: allocating 39460 entries in 155 pages
[    0.004000] Hierarchical RCU implementation.
[    0.004000] 	RCU restricting CPUs from NR_CPUS=8192 to nr_cpu_ids=2.
[    0.004000] 	Tasks RCU enabled.
[    0.004000] RCU: Adjusting geometry for rcu_fanout_leaf=16, nr_cpu_ids=2
[    0.004000] NR_IRQS: 524544, nr_irqs: 440, preallocated irqs: 16
[    0.004000] Console: colour VGA+ 80x25
[    0.004000] console [tty1] enabled
[    0.004000] console [ttyS0] enabled
[    0.004000] ACPI: Core revision 20170831
[    0.004000] ACPI: 2 ACPI AML tables successfully acquired and loaded
[    0.004000] APIC: Switch to symmetric I/O mode setup
[    0.008000] ..TIMER: vector=0x30 apic1=0 pin1=2 apic2=-1 pin2=-1
[    0.008005] tsc: Detected 1896.000 MHz processor
[    0.012011] Calibrating delay loop (skipped) preset value.. 3792.00 BogoMIPS (lpj=7584000)
[    0.016007] pid_max: default: 32768 minimum: 301
[    0.020090] Security Framework initialized
[    0.024011] Yama: becoming mindful.
[    0.028006] AppArmor: AppArmor initialized
[    0.043599] Dentry cache hash table entries: 262144 (order: 9, 2097152 bytes)
[    0.051640] Inode-cache hash table entries: 131072 (order: 8, 1048576 bytes)
[    0.052165] Mount-cache hash table entries: 4096 (order: 3, 32768 bytes)
[    0.056141] Mountpoint-cache hash table entries: 4096 (order: 3, 32768 bytes)
[    0.061579] Last level iTLB entries: 4KB 64, 2MB 8, 4MB 8
[    0.064005] Last level dTLB entries: 4KB 64, 2MB 0, 4MB 0, 1GB 4
[    0.068009] Spectre V1 : Mitigation: usercopy/swapgs barriers and __user pointer sanitization
[    0.072006] Spectre V2 : Mitigation: Full generic retpoline
[    0.076003] Spectre V2 : Spectre v2 / SpectreRSB mitigation: Filling RSB on context switch
[    0.080006] Speculative Store Bypass: Vulnerable
[    0.084044] MDS: Mitigation: Clear CPU buffers
[    0.088178] Freeing SMP alternatives memory: 36K
[    0.207378] smpboot: CPU0: Intel(R) Core(TM) i5-8350U CPU @ 1.70GHz (family: 0x6, model: 0x8e, stepping: 0xa)
[    0.212211] Performance Events: unsupported p6 CPU model 142 no PMU driver, software events only.
[    0.216132] Hierarchical SRCU implementation.
[    0.225028] NMI watchdog: Perf event create on CPU 0 failed with -2
[    0.228007] NMI watchdog: Perf NMI watchdog permanently disabled
[    0.232462] smp: Bringing up secondary CPUs ...
[    0.240649] x86: Booting SMP configuration:
[    0.244007] .... node  #0, CPUs:      #1
[    0.004000] kvm-clock: cpu 1, msr 0:7e744041, secondary cpu clock
[    0.254759] TSC synchronization [CPU#0 -> CPU#1]:
[    0.256000] Measured 39077 cycles TSC warp between CPUs, turning off TSC clock.
[    0.256000] tsc: Marking TSC unstable due to check_tsc_sync_source failed
[    0.260210] smp: Brought up 1 node, 2 CPUs
[    0.264008] smpboot: Max logical packages: 1
[    0.268004] smpboot: Total of 2 processors activated (7584.00 BogoMIPS)
[    0.276575] devtmpfs: initialized
[    0.280125] x86/mm: Memory block size: 128MB
[    0.284593] evm: security.selinux
[    0.287056] evm: security.SMACK64
[    0.288003] evm: security.SMACK64EXEC
[    0.292010] evm: security.SMACK64TRANSMUTE
[    0.296003] evm: security.SMACK64MMAP
[    0.300002] evm: security.apparmor
[    0.302539] evm: security.ima
[    0.304003] evm: security.capability
[    0.308530] clocksource: jiffies: mask: 0xffffffff max_cycles: 0xffffffff, max_idle_ns: 7645041785100000 ns
[    0.312030] futex hash table entries: 512 (order: 3, 32768 bytes)
[    0.316228] pinctrl core: initialized pinctrl subsystem
[    0.320524] RTC time: 11:35:29, date: 09/05/21
[    0.325224] NET: Registered protocol family 16
[    0.328199] audit: initializing netlink subsys (disabled)
[    0.332230] audit: type=2000 audit(1630841737.045:1): state=initialized audit_enabled=0 res=1
[    0.344006] cpuidle: using governor ladder
[    0.348017] cpuidle: using governor menu
[    0.352087] ACPI: bus type PCI registered
[    0.355813] acpiphp: ACPI Hot Plug PCI Controller Driver version: 0.5
[    0.356441] PCI: Using configuration type 1 for base access
[    0.368466] HugeTLB registered 2.00 MiB page size, pre-allocated 0 pages
[    0.376705] ACPI: Added _OSI(Module Device)
[    0.380015] ACPI: Added _OSI(Processor Device)
[    0.384003] ACPI: Added _OSI(3.0 _SCP Extensions)
[    0.388004] ACPI: Added _OSI(Processor Aggregator Device)
[    0.392009] ACPI: Added _OSI(Linux-Dell-Video)
[    0.396007] ACPI: Added _OSI(Linux-Lenovo-NV-HDMI-Audio)
[    0.400003] ACPI: Added _OSI(Linux-HPI-Hybrid-Graphics)
[    0.404801] ACPI: Executed 1 blocks of module-level executable AML code
[    0.414365] ACPI: Interpreter enabled
[    0.416016] ACPI: (supports S0 S5)
[    0.418853] ACPI: Using IOAPIC for interrupt routing
[    0.420415] PCI: Using host bridge windows from ACPI; if necessary, use "pci=nocrs" and report a bug
[    0.424203] ACPI: Enabled 2 GPEs in block 00 to 07
[    0.437702] ACPI: PCI Root Bridge [PCI0] (domain 0000 [bus 00-ff])
[    0.440038] acpi PNP0A03:00: _OSC: OS supports [ASPM ClockPM Segments MSI]
[    0.444741] acpi PNP0A03:00: _OSC: not requesting OS control; OS requires [ExtendedConfig ASPM ClockPM MSI]
[    0.448017] acpi PNP0A03:00: fail to add MMCONFIG information, can't access extended PCI configuration space under this bridge.
[    0.452858] PCI host bridge to bus 0000:00
[    0.456012] pci_bus 0000:00: root bus resource [io  0x0000-0x0cf7 window]
[    0.460014] pci_bus 0000:00: root bus resource [io  0x0d00-0xffff window]
[    0.464009] pci_bus 0000:00: root bus resource [mem 0x000a0000-0x000bffff window]
[    0.468008] pci_bus 0000:00: root bus resource [mem 0x7e800000-0xfdffffff window]
[    0.472009] pci_bus 0000:00: root bus resource [bus 00-ff]
[    0.482064] pci 0000:00:01.1: legacy IDE quirk: reg 0x10: [io  0x01f0-0x01f7]
[    0.484008] pci 0000:00:01.1: legacy IDE quirk: reg 0x14: [io  0x03f6]
[    0.488004] pci 0000:00:01.1: legacy IDE quirk: reg 0x18: [io  0x0170-0x0177]
[    0.492010] pci 0000:00:01.1: legacy IDE quirk: reg 0x1c: [io  0x0376]
[    0.569810] pci 0000:00:07.0: quirk: [io  0x4000-0x403f] claimed by PIIX4 ACPI
[    0.584029] pci 0000:00:07.0: quirk: [io  0x4100-0x410f] claimed by PIIX4 SMB
[    0.609812] ACPI: PCI Interrupt Link [LNKA] (IRQs 5 9 10 *11)
[    0.620571] ACPI: PCI Interrupt Link [LNKB] (IRQs 5 9 *10 11)
[    0.632171] ACPI: PCI Interrupt Link [LNKC] (IRQs 5 *9 10 11)
[    0.640204] ACPI: PCI Interrupt Link [LNKD] (IRQs 5 9 10 *11)
[    0.652870] SCSI subsystem initialized
[    0.660241] pci 0000:00:02.0: vgaarb: setting as boot VGA device
[    0.664000] pci 0000:00:02.0: vgaarb: VGA device added: decodes=io+mem,owns=io+mem,locks=none
[    0.688009] pci 0000:00:02.0: vgaarb: bridge control possible
[    0.700003] vgaarb: loaded
[    0.704085] ACPI: bus type USB registered
[    0.712043] usbcore: registered new interface driver usbfs
[    0.720018] usbcore: registered new interface driver hub
[    0.728013] usbcore: registered new device driver usb
[    0.736198] EDAC MC: Ver: 3.0.0
[    0.748260] PCI: Using ACPI for IRQ routing
[    0.752621] NetLabel: Initializing
[    0.760010] NetLabel:  domain hash size = 128
[    0.768003] NetLabel:  protocols = UNLABELED CIPSOv4 CALIPSO
[    0.776214] NetLabel:  unlabeled traffic allowed by default
[    0.792044] clocksource: Switched to clocksource kvm-clock
[    0.855117] VFS: Disk quotas dquot_6.6.0
[    0.861353] VFS: Dquot-cache hash table entries: 512 (order 0, 4096 bytes)
[    0.869000] AppArmor: AppArmor Filesystem Enabled
[    0.874595] pnp: PnP ACPI init
[    0.878638] pnp: PnP ACPI: found 3 devices
[    0.890182] clocksource: acpi_pm: mask: 0xffffff max_cycles: 0xffffff, max_idle_ns: 2085701024 ns
[    0.899086] NET: Registered protocol family 2
[    0.903885] TCP established hash table entries: 16384 (order: 5, 131072 bytes)
[    0.911935] TCP bind hash table entries: 16384 (order: 6, 262144 bytes)
[    0.919533] TCP: Hash tables configured (established 16384 bind 16384)
[    0.927049] UDP hash table entries: 1024 (order: 3, 32768 bytes)
[    0.934932] UDP-Lite hash table entries: 1024 (order: 3, 32768 bytes)
[    0.940785] NET: Registered protocol family 1
[    0.944207] pci 0000:00:00.0: Limiting direct PCI/PCI transfers
[    0.948965] pci 0000:00:01.0: Activating ISA DMA hang workarounds
[    0.953760] pci 0000:00:02.0: Video device with shadowed ROM at [mem 0x000c0000-0x000dffff]
[    0.960784] Unpacking initramfs...
[    1.579812] Freeing initrd memory: 19516K
[    1.584292] clocksource: tsc: mask: 0xffffffffffffffff max_cycles: 0x36a8d32ce31, max_idle_ns: 881590731004 ns
[    1.593525] platform rtc_cmos: registered platform RTC device (no PNP device found)
[    1.600742] Scanning for low memory corruption every 60 seconds
[    1.607681] Initialise system trusted keyrings
[    1.613826] Key type blacklist registered
[    1.618629] workingset: timestamp_bits=36 max_order=19 bucket_order=0
[    1.630156] zbud: loaded
[    1.634433] squashfs: version 4.0 (2009/01/31) Phillip Lougher
[    1.641290] fuse init (API version 7.26)
[    1.673081] Key type asymmetric registered
[    1.677770] Asymmetric key parser 'x509' registered
[    1.682573] Block layer SCSI generic (bsg) driver version 0.4 loaded (major 246)
[    1.692534] io scheduler noop registered
[    1.698559] io scheduler deadline registered
[    1.703236] io scheduler cfq registered (default)
[    1.709229] ACPI: AC Adapter [AC] (on-line)
[    1.713025] input: Power Button as /devices/LNXSYSTM:00/LNXPWRBN:00/input/input0
[    1.720660] ACPI: Power Button [PWRF]
[    1.726639] input: Sleep Button as /devices/LNXSYSTM:00/LNXSLPBN:00/input/input1
[    1.734892] ACPI: Sleep Button [SLPF]
[    1.739331] Serial: 8250/16550 driver, 32 ports, IRQ sharing enabled
[    1.741011] ACPI: Battery Slot [BAT0] (battery present)
[    1.780880] 00:02: ttyS0 at I/O 0x3f8 (irq = 4, base_baud = 115200) is a 16550A
[    1.789441] Linux agpgart interface v0.103
[    1.803151] loop: module loaded
[    1.810277] scsi host0: ata_piix
[    1.814765] scsi host1: ata_piix
[    1.817765] ata1: PATA max UDMA/33 cmd 0x1f0 ctl 0x3f6 bmdma 0xd000 irq 14
[    1.823066] ata2: PATA max UDMA/33 cmd 0x170 ctl 0x376 bmdma 0xd008 irq 15
[    1.830450] libphy: Fixed MDIO Bus: probed
[    1.834784] tun: Universal TUN/TAP device driver, 1.6
[    1.839761] PPP generic driver version 2.4.2
[    1.844588] ehci_hcd: USB 2.0 'Enhanced' Host Controller (EHCI) Driver
[    1.850141] ehci-pci: EHCI PCI platform driver
[    1.854017] ehci-platform: EHCI generic platform driver
[    1.859226] ohci_hcd: USB 1.1 'Open' Host Controller (OHCI) Driver
[    1.865648] ohci-pci: OHCI PCI platform driver
[    1.869352] ohci-platform: OHCI generic platform driver
[    1.874648] uhci_hcd: USB Universal Host Controller Interface driver
[    1.880924] i8042: PNP: PS/2 Controller [PNP0303:PS2K,PNP0f03:PS2M] at 0x60,0x64 irq 1,12
[    1.890023] serio: i8042 KBD port at 0x60,0x64 irq 1
[    1.894831] serio: i8042 AUX port at 0x60,0x64 irq 12
[    1.899997] mousedev: PS/2 mouse device common for all mice
[    1.908496] input: AT Translated Set 2 keyboard as /devices/platform/i8042/serio0/input/input2
[    1.921723] rtc_cmos rtc_cmos: rtc core: registered rtc_cmos as rtc0
[    1.927873] rtc_cmos rtc_cmos: alarms up to one day, 114 bytes nvram
[    1.933718] i2c /dev entries driver
[    1.936605] device-mapper: uevent: version 1.0.3
[    1.940718] device-mapper: ioctl: 4.37.0-ioctl (2017-09-20) initialised: dm-devel@redhat.com
[    1.948537] ledtrig-cpu: registered to indicate activity on CPUs
[    1.956172] NET: Registered protocol family 10
[    1.970025] Segment Routing with IPv6
[    1.973532] NET: Registered protocol family 17
[    1.978297] Key type dns_resolver registered
[    1.982995] mce: Using 0 MCE banks
[    1.985750] RAS: Correctable Errors collector initialized.
[    1.992956] sched_clock: Marking stable (1992838217, 0)->(3078257651, -1085419434)
[    2.054589] registered taskstats version 1
[    2.059266] Loading compiled-in X.509 certificates
[    2.070439] Loaded X.509 cert 'Build time autogenerated kernel key: 697c210032c6abbec5653106d7fd766083a73612'
[    2.081086] Loaded X.509 cert 'Canonical Ltd. Live Patch Signing: 14df34d1a87cf37625abec039ef2bf521249b969'
[    2.089596] Loaded X.509 cert 'Canonical Ltd. Kernel Module Signing: 88f752e560a1e0737e31163a466ad7b70a850c19'
[    2.100871] zswap: loaded using pool lzo/zbud
[    2.117504] Key type big_key registered
[    2.122147] Key type trusted registered
[    2.131235] Key type encrypted registered
[    2.135736] AppArmor: AppArmor sha1 policy hashing enabled
[    2.141656] ima: No TPM chip found, activating TPM-bypass! (rc=-19)
[    2.146923] ima: Allocated hash algorithm: sha1
[    2.151561] evm: HMAC attrs: 0x1
[    2.155398]   Magic number: 5:588:579
[    2.160332] pci_bus 0000:00: hash matches
[    2.164411] rtc_cmos rtc_cmos: setting system clock to 2021-09-05 11:35:31 UTC (1630841731)
[    2.171500] BIOS EDD facility v0.16 2004-Jun-25, 0 devices found
[    2.178305] EDD information not available.
[    2.186206] Freeing unused kernel image memory: 2448K
[    2.218193] Write protecting the kernel read-only data: 20480k
[    2.224665] Freeing unused kernel image memory: 2008K
[    2.230611] Freeing unused kernel image memory: 1824K
[    2.241500] x86/mm: Checked W+X mappings: passed, no W+X pages found.
[    2.248548] x86/mm: Checking user space page tables
[    2.258231] x86/mm: Checked W+X mappings: passed, no W+X pages found.
Loading, please wait...
starting version 237
[    2.368867] Fusion MPT base driver 3.04.20
[    2.372907] Copyright (c) 1999-2008 LSI Corporation
[    2.394020] e1000: Intel(R) PRO/1000 Network Driver - version 7.3.21-k8-NAPI
[    2.401167] e1000: Copyright (c) 1999-2006 Intel Corporation.
[    2.467312] Fusion MPT SPI Host driver 3.04.20
[    2.677112] input: ImExPS/2 Generic Explorer Mouse as /devices/platform/i8042/serio1/input/input4
[    3.186419] e1000 0000:00:03.0 eth0: (PCI:33MHz:32-bit) 02:9f:d3:59:7e:90
[    3.192443] e1000 0000:00:03.0 eth0: Intel(R) PRO/1000 Network Connection
[    3.200063] mptbase: ioc0: Initiating bringup
[    3.314980] ioc0: LSI53C1030 A0: Capabilities={Initiator}
[    4.673448] scsi host2: ioc0: LSI53C1030 A0, FwRev=00000000h, Ports=1, MaxQ=256, IRQ=20
[    5.482939] scsi 2:0:0:0: Direct-Access     VBOX     HARDDISK         1.0  PQ: 0 ANSI: 5
[    5.524895] scsi target2:0:0: Beginning Domain Validation
[    5.537363] scsi target2:0:0: Domain Validation skipping write tests
[    5.543087] scsi target2:0:0: Ending Domain Validation
[    5.549256] scsi target2:0:0: asynchronous
[    5.555544] random: fast init done
[    5.558849] scsi 2:0:1:0: Direct-Access     VBOX     HARDDISK         1.0  PQ: 0 ANSI: 5
[    5.912317] scsi target2:0:1: Beginning Domain Validation
[    5.926326] scsi target2:0:1: Domain Validation skipping write tests
[    5.934183] scsi target2:0:1: Ending Domain Validation
[    5.940101] scsi target2:0:1: asynchronous
[    5.959899] sd 2:0:0:0: [sda] 83886080 512-byte logical blocks: (42.9 GB/40.0 GiB)
[    5.962868] random: systemd-udevd: uninitialized urandom read (16 bytes read)
[    5.967681] sd 2:0:0:0: [sda] Write Protect is off
[    5.981026] sd 2:0:0:0: Attached scsi generic sg0 type 0
[    5.986455] random: systemd-udevd: uninitialized urandom read (16 bytes read)
[    5.994930] sd 2:0:0:0: [sda] Incomplete mode parameter data
[    6.002452] sd 2:0:0:0: [sda] Assuming drive cache: write through
[    6.010105] random: systemd-udevd: uninitialized urandom read (16 bytes read)
[    6.018099] sd 2:0:1:0: Attached scsi generic sg1 type 0
[    6.022695] sd 2:0:1:0: [sdb] 20480 512-byte logical blocks: (10.5 MB/10.0 MiB)
[    6.031253] sd 2:0:1:0: [sdb] Write Protect is off
[    6.038937] sd 2:0:1:0: [sdb] Incomplete mode parameter data
[    6.044187] sd 2:0:1:0: [sdb] Assuming drive cache: write through
[    6.054920]  sda: sda1
[    6.064021] sd 2:0:0:0: [sda] Attached SCSI disk
[    6.077182] sd 2:0:1:0: [sdb] Attached SCSI disk
[    6.294384] e1000 0000:00:08.0 eth1: (PCI:33MHz:32-bit) 08:00:27:a7:6c:45
[    6.301337] e1000 0000:00:08.0 eth1: Intel(R) PRO/1000 Network Connection
[    6.308429] e1000 0000:00:03.0 enp0s3: renamed from eth0
[    6.340413] e1000 0000:00:08.0 enp0s8: renamed from eth1
Begin: Loading essential drivers ... [    9.442000] raid6: sse2x1   gen() 190406 MB/s
[   10.438465] raid6: sse2x1   xor() 180434 MB/s
[   12.437458] raid6: sse2x2   gen() 270364 MB/s
[   14.585008] raid6: sse2x2   xor() 222564 MB/s
[   14.644904] raid6: sse2x4   gen() 10309 MB/s
[   15.581002] raid6: sse2x4   xor() 164191 MB/s
[   15.585031] raid6: using algorithm sse2x2 gen() 270364 MB/s
[   15.591112] raid6: .... xor() 222564 MB/s, rmw enabled
[   15.595700] raid6: using ssse3x2 recovery algorithm
[   15.603640] xor: measuring software checksum speed
[   15.707814]    prefetch64-sse: 47074.000 MB/sec
[   15.804105]    generic_sse: 44923.000 MB/sec
[   15.807769] xor: using function: prefetch64-sse (47074.000 MB/sec)
[   15.817727] async_tx: api initialized (async)
done.
Begin: Running /scripts/init-premount ... done.
Begin: Mounting root file system ... Begin: Running /scripts/local-top ... done.
Begin: Running /scripts/local-premount ... [   15.904785] Btrfs loaded, crc32c=crc32c-intel
Scanning for Btrfs filesystems
done.
Warning: fsck not present, so skipping root file system
[   15.978155] EXT4-fs (sda1): mounted filesystem with ordered data mode. Opts: (null)
done.
Begin: Running /scripts/local-bottom ... done.
Begin: Running /scripts/init-bottom ... done.
[   16.335865] ip_tables: (C) 2000-2006 Netfilter Core Team
[   16.364913] systemd[1]: systemd 237 running in system mode. (+PAM +AUDIT +SELINUX +IMA +APPARMOR +SMACK +SYSVINIT +UTMP +LIBCRYPTSETUP +GCRYPT +GNUTLS +ACL +XZ +LZ4 +SECCOMP +BLKID +ELFUTILS +KMOD -IDN2 +IDN -PCRE2 default-hierarchy=hybrid)
[   16.390436] systemd[1]: Detected virtualization oracle.
[   16.395741] systemd[1]: Detected architecture x86-64.

Welcome to [1mUbuntu 18.04.5 LTS[0m!

[   16.445398] systemd[1]: Set hostname to <ubuntu>.
[   16.462059] systemd[1]: Initializing machine ID from random generator.
[   16.469081] systemd[1]: Installed transient /etc/machine-id file.
[   16.958786] systemd[1]: Created slice System Slice.
[[0;32m  OK  [0m] Created slice System Slice.
[   16.969798] systemd[1]: Listening on Syslog Socket.
[[0;32m  OK  [0m] Listening on Syslog Socket.
[   16.980461] systemd[1]: Reached target System Time Synchronized.
[[0;32m  OK  [0m] Reached target System Time Synchronized.
[   16.991530] systemd[1]: Set up automount Arbitrary Executable File Formats File System Automount Point.
[[0;32m  OK  [0m] Set up automount Arbitrary Executab…rmats File System Automount Point.
[[0;32m  OK  [0m] Reached target Swap.
[[0;32m  OK  [0m] Listening on Network Service Netlink Socket.
[[0;32m  OK  [0m] Listening on udev Kernel Socket.
[[0;32m  OK  [0m] Listening on LVM2 metadata daemon socket.
[[0;32m  OK  [0m] Reached target User and Group Name Lookups.
[[0;32m  OK  [0m] Created slice system-serial\x2dgetty.slice.
[[0;32m  OK  [0m] Listening on fsck to fsckd communication Socket.
[[0;32m  OK  [0m] Created slice User and Session Slice.
[[0;32m  OK  [0m] Reached target Slices.
[[0;32m  OK  [0m] Listening on Journal Socket (/dev/log).
[[0;32m  OK  [0m] Listening on Journal Audit Socket.
[[0;32m  OK  [0m] Listening on udev Control Socket.
[[0;32m  OK  [0m] Listening on Journal Socket.
         Starting File System Check on Root Device...
         Starting Create list of required st…ce nodes for the current kernel...
         Starting udev Coldplug all Devices...
         Mounting Kernel Debug File System...
[[0;32m  OK  [0m] Listening on /dev/initctl Compatibility Named Pipe.
[[0;32m  OK  [0m] Listening on LVM2 poll daemon socket.
[[0;32m  OK  [0m] Started Forward Password Requests to Wall Directory Watch.
         Mounting Huge Pages File System...
         Mounting POSIX Message Queue File System...
[[0;32m  OK  [0m] Listening on Device-mapper event daemon FIFOs.
         Starting Monitoring of LVM2 mirrors…ng dmeventd or progress polling...
         Starting Uncomplicated firewall...
         Starting Load Kernel Modules...
         Starting Journal Service...
         Starting Set the console keyboard layout...
[[0;32m  OK  [0m] Started File System Check on Root Device.
[[0;32m  OK  [0m] Started Create list of required sta…vice nodes for the current kernel.
[[0;32m  OK  [0m] Mounted Kernel Debug File System.
[[0;32m  OK  [0m] Mounted Huge Pages File System.
[[0;32m  OK  [0m] Mounted POSIX Message Queue File System.
[[0;32m  OK  [0m] Started Uncomplicated firewall.
[[0;32m  OK  [0m] Started File System Check Daemon to report status.
         Starting Create Static Device Nodes in /dev...
         Starting Remount Root and Kernel File Systems...
[[0;32m  OK  [0m] Started udev Coldplug all Devices.
[[0;32m  OK  [0m] Started LVM2 metadata daemon.
[   17.326429] Loading iSCSI transport class v2.0-870.
[[0;32m  OK  [0m] Started Journal Service.
[[0;32m  OK  [0m] Started Create Static Device Nodes in /dev.
[   17.417219] iscsi: registered transport (tcp)
[   17.453556] iscsi: registered transport (iser)
[[0;32m  OK  [0m] Started Load Kernel Modules.
         Mounting Kernel Configuration File System...[   17.472745] EXT4-fs (sda1): re-mounted. Opts: (null)

         Starting Apply Kernel Variables...
         Mounting FUSE Control File System...
[[0;32m  OK  [0m] Started Remount Root and Kernel File Systems.
[[0;32m  OK  [0m] Mounted Kernel Configuration File System.
[[0;32m  OK  [0m] Mounted FUSE Control File System.
         Starting Load/Save Random Seed...
         Starting Flush Journal to Persistent Storage...
         Starting udev Kernel Device Manager...
[[0;32m  OK  [0m] Started Monitoring of LVM2 mirrors,…sing dmeventd or progress polling.
[[0;32m  OK  [0m] Started Load/Save Random Seed.
[   17.582340] systemd-journald[398]: Received request to flush runtime journal from PID 1
[[0;32m  OK  [0m] Started Set the console keyboard layout.
[[0;32m  OK  [0m] Reached target Local File Systems (Pre).
[[0;32m  OK  [0m] Reached target Local File Systems.
         Starting AppArmor initialization...
         Starting Tell Plymouth To Write Out Runtime Data...
         Starting Set console font and keymap...
         Starting ebtables ruleset management...
         Starting Commit a transient machine-id on disk...
[[0;32m  OK  [0m] Started udev Kernel Device Manager.
[[0;32m  OK  [0m] Started Dispatch Password Requests to Console Directory Watch.
[[0;32m  OK  [0m] Reached target Local Encrypted Volumes.
[[0;32m  OK  [0m] Started Tell Plymouth To Write Out Runtime Data.
[[0;32m  OK  [0m] Started Set console font and keymap.
[[0;32m  OK  [0m] Started Apply Kernel Variables.
[[0;32m  OK  [0m] Started Commit a transient machine-id on disk.
[[0;32m  OK  [0m] Started Flush Journal to Persistent Storage.
         Starting Create Volatile Files and Directories...
[[0;32m  OK  [0m] Started Create Volatile Files and Directories.
         Starting Update UTMP about System Boot/Shutdown...
[[0;32m  OK  [0m] Started ebtables ruleset management.
[[0;32m  OK  [0m] Started Update UTMP about System Boot/Shutdown.
[[0;32m  OK  [0m] Found device /dev/ttyS0.
[[0;32m  OK  [0m] Listening on Load/Save RF Kill Switch Status /dev/rfkill Watch.
[[0;32m  OK  [0m] Started AppArmor initialization.
         Starting Load AppArmor profiles managed internally by snapd...
         Starting Initial cloud-init job (pre-networking)...
[[0;32m  OK  [0m] Started Load AppArmor profiles managed internally by snapd.
[   22.349088] cloud-init[551]: Cloud-init v. 21.2-3-g899bfaa9-0ubuntu2~18.04.1 running 'init-local' at Sun, 05 Sep 2021 11:35:50 +0000. Up 21.66 seconds.
[[0;32m  OK  [0m] Started Initial cloud-init job (pre-networking).
[[0;32m  OK  [0m] Reached target Network (Pre).
         Starting Network Service...
[[0;32m  OK  [0m] Started Network Service.
         Starting Wait for Network to be Configured...
         Starting Network Name Resolution...
[[0;32m  OK  [0m] Started Network Name Resolution.
[[0;32m  OK  [0m] Reached target Network.
[[0;32m  OK  [0m] Reached target Host and Network Name Lookups.
[[0;32m  OK  [0m] Started Wait for Network to be Configured.
         Starting Initial cloud-init job (metadata service crawler)...
[   25.351773] cloud-init[661]: Cloud-init v. 21.2-3-g899bfaa9-0ubuntu2~18.04.1 running 'init' at Sun, 05 Sep 2021 11:35:54 +0000. Up 25.09 seconds.
[   25.359715] cloud-init[661]: ci-info: ++++++++++++++++++++++++++++++++++++++Net device info+++++++++++++++++++++++++++++++++++++++
[   25.365975] cloud-init[661]: ci-info: +--------+-------+----------------------------+---------------+--------+-------------------+
[   25.372942] cloud-init[661]: ci-info: | Device |   Up  |          Address           |      Mask     | Scope  |     Hw-Address    |
[   25.378040] cloud-init[661]: ci-info: +--------+-------+----------------------------+---------------+--------+-------------------+
[   25.382952] cloud-init[661]: ci-info: | enp0s3 |  True |         10.0.2.15          | 255.255.255.0 | global | 02:9f:d3:59:7e:90 |
[   25.387926] cloud-init[661]: ci-info: | enp0s3 |  True | fe80::9f:d3ff:fe59:7e90/64 |       .       |  link  | 02:9f:d3:59:7e:90 |
[   25.392506] cloud-init[661]: ci-info: | enp0s8 | False |             .              |       .       |   .    | 08:00:27:a7:6c:45 |
[   25.398141] cloud-init[661]: ci-info: |   lo   |  True |         127.0.0.1          |   255.0.0.0   |  host  |         .         |
[   25.403777] cloud-init[661]: ci-info: |   lo   |  True |          ::1/128           |       .       |  host  |         .         |
[   25.409575] cloud-init[661]: ci-info: +--------+-------+----------------------------+---------------+--------+-------------------+
[   25.415731] cloud-init[661]: ci-info: ++++++++++++++++++++++++++++Route IPv4 info+++++++++++++++++++++++++++++
[   25.420925] cloud-init[661]: ci-info: +-------+-------------+----------+-----------------+-----------+-------+
[   25.424999] cloud-init[661]: ci-info: | Route | Destination | Gateway  |     Genmask     | Interface | Flags |
[   25.429447] cloud-init[661]: ci-info: +-------+-------------+----------+-----------------+-----------+-------+
[   25.433347] cloud-init[661]: ci-info: |   0   |   0.0.0.0   | 10.0.2.2 |     0.0.0.0     |   enp0s3  |   UG  |
[   25.436765] cloud-init[661]: ci-info: |   1   |   10.0.2.0  | 0.0.0.0  |  255.255.255.0  |   enp0s3  |   U   |
[   25.440568] cloud-init[661]: ci-info: |   2   |   10.0.2.2  | 0.0.0.0  | 255.255.255.255 |   enp0s3  |   UH  |
[   25.444756] cloud-init[661]: ci-info: +-------+-------------+----------+-----------------+-----------+-------+
[   25.452691] cloud-init[661]: ci-info: +++++++++++++++++++Route IPv6 info+++++++++++++++++++
[   25.460098] cloud-init[661]: ci-info: +-------+-------------+---------+-----------+-------+
[   25.469001] cloud-init[661]: ci-info: | Route | Destination | Gateway | Interface | Flags |
[   25.478578] cloud-init[661]: ci-info: +-------+-------------+---------+-----------+-------+
[   25.486250] cloud-init[661]: ci-info: |   1   |  fe80::/64  |    ::   |   enp0s3  |   U   |
[   25.496966] cloud-init[661]: ci-info: |   3   |    local    |    ::   |   enp0s3  |   U   |
[   25.504711] cloud-init[661]: ci-info: |   4   |   ff00::/8  |    ::   |   enp0s3  |   U   |
[   25.512127] cloud-init[661]: ci-info: +-------+-------------+---------+-----------+-------+
[   26.866457] cloud-init[661]: Generating public/private rsa key pair.
[   26.869813] cloud-init[661]: Your identification has been saved in /etc/ssh/ssh_host_rsa_key.
[   26.873634] cloud-init[661]: Your public key has been saved in /etc/ssh/ssh_host_rsa_key.pub.
[   26.877632] cloud-init[661]: The key fingerprint is:
[   26.879727] cloud-init[661]: SHA256:sigN+My/vFdK8ojunguJ2GhSAkZ1t5ih5dOPGSE+xAE root@ubuntu-bionic
[   26.883689] cloud-init[661]: The key's randomart image is:
[   26.888793] cloud-init[661]: +---[RSA 2048]----+
[   26.894634] cloud-init[661]: | ..EoB.o         |
[   26.899514] cloud-init[661]: |.   B.B o        |
[   26.905228] cloud-init[661]: |.. . B +         |
[   26.910267] cloud-init[661]: |o.    o =        |
[   26.915812] cloud-init[661]: |o o   .oS.       |
[   26.922305] cloud-init[661]: |oX o...o.        |
[   26.928976] cloud-init[661]: |B.*.o=.o         |
[   26.935715] cloud-init[661]: |o..=. +          |
[   26.941878] cloud-init[661]: | +*.=+           |
[   26.946795] [[0;32m  OK  [0m] Started Initial cloud-init job (metadata service crawler).
[[0;32m  OK  [0m] Reached target System Initialization.
[[0;32m  OK  [0m] Listening on D-Bus System Message Bus Socket.
[[0;32m  OK  [0m] Listening on ACPID Listen Socket.
[[0;32m  OK  [0m] Listening on Open-iSCSI iscsid Socket.
[[0;32m  OK  [0m] Started Message of the Day.
[[0;32m  OK  [0m] Started Daily Cleanup of Temporary Directories.
[[0;32m  OK  [0m] Started Discard unused blocks once a week.
         Starting Socket activation for snappy daemon.
[[0;32m  OK  [0m] Started ACPI Events Check.
[[0;32m  OK  [0m] Started Daily apt download activities.
[[0;32m  OK  [0m] Listening on UUID daemon activation socket.
[[0;32m  OK  [0m] Reached target Paths.
[[0;32m  OK  [0m] Started Ubuntu Advantage update messaging.
[[0;32m  OK  [0m] Started Daily apt upgrade and clean activities.
[[0;32m  OK  [0m] Reached target Timers.
         Starting LXD - unix socket.
[[0;32m  OK  [0m] Reached target Network is Online.
         Starting Availability of block devices...
[[0;32m  OK  [0m] Reached target Remote File Systems (Pre).
[[0;32m  OK  [0m] Reached target Remote File Systems.
[[0;32m  OK  [0m] Reached target Cloud-config availability.
[[0;32m  OK  [0m] Listening on Socket activation for snappy daemon.
[[0;32m  OK  [0m] Listening on LXD - unix socket.
[[0;32m  OK  [0m] Reached target Sockets.
[[0;32m  OK  [0m] Reached target Basic System.
         Starting LSB: Record successful boot for GRUB...
         Starting Pollinate to seed the pseudo random number generator...
         Starting LSB: automatic crash report generation...
         Starting Accounts Service...
[[0;32m  OK  [0m] Started D-Bus System Message Bus.
cloud-init[661]: +----[SHA256]-----+
[   27.016365] cloud-init[661]: Generating public/private dsa key pair.
[   27.021188] cloud-init[661]: Your identification has been saved in /etc/ssh/ssh_host_dsa_key.
[   27.025504] cloud-init[661]: Your public key has been saved in /etc/ssh/ssh_host_dsa_key.pub.
[   27.031372] cloud-init[661]: The key fingerprint is:
[   27.035447] cloud-init[661]: SHA256:EeDkBPjXSy5XCT/kP8JhOJU5LcJLHua6pV8If/LvFV4 root@ubuntu-bionic
[   27.040834] cloud-init[661]: The key's randomart image is:
[   27.043636] cloud-init[661]: +---[DSA 1024]----+
[   27.046863] cloud-init[661]: |   ...+o.  +     |
[   27.051759] cloud-init[661]: |  .  =  B.B .    |
[   27.054376] cloud-init[661]: |   .  o*.@ +     |
[   27.056909] cloud-init[661]: |    . . O.O      |
[   27.060978] cloud-init[661]: |     ..+S* +  . E|
[   27.064375] cloud-init[661]: |      oo=.o o. o |
[   27.067914] cloud-init[661]: |       *+ o. .o  |
[   27.071020] cloud-init[661]: |      o  =   .   |
[   27.074401] cloud-init[661]: |       .. .oo    |
[   27.077065] cloud-init[661]: +----[SHA256]-----+
[   27.079562] cloud-init[661]: Generating public/private ecdsa key pair.
[   27.083561] cloud-init[661]: Your identification has been saved in /etc/ssh/ssh_host_ecdsa_key.
[   27.089080] cloud-init[661]: Your public key has been saved in /etc/ssh/ssh_host_ecdsa_key.pub.
[   27.093741] cloud-init[661]: The key fingerprint is:
[   27.097100] cloud-init[661]: SHA256:QR00JJhU3z3rarEavXlKXwle6YnCYSKVwsgb6Xs+TPM root@ubuntu-bionic
[   27.101283] cloud-init[661]: The key's randomart image is:
[   27.104889] cloud-init[661]: +---[ECDSA 256]---+
[   27.107545] cloud-init[661]: |     ..+++=.     |
[   27.110666] cloud-init[661]: |    . *. ooo .   |
[   27.114168] cloud-init[661]: |     = o.o. . o  |
[   27.117695] cloud-init[661]: |    . o o.     o.|
[   27.121936] cloud-init[661]: |     o .S. o ..o |
[   27.125163] cloud-init[661]: |      .o. +.+.= o|
[   27.129050] cloud-init[661]: |     .o.o .oo=.+.|
[   27.141864] cloud-init[661]: |      oo E o+=.. |
[   27.152119] cloud-init[661]: |       .. .o=o.  |         Starting Login Service...

[[0;32m  OK  [0m] Started irqbalance daemon.
         Starting System Logging Service...
[[0;32m  OK  [0m] Started Deferred execution scheduler.
[   27.195464] cloud-init[661]: [[0;32m  OK  [0m] Started Regular background program processing daemon.
[[0;32m  OK  [0m] Started FUSE filesystem for LXC.
         Starting LXD - container startup/shutdown...
+----[SHA256]-----+
         Starting Permit User Sessions...
[   27.219586] cloud-init[661]: Generating public/private ed25519 key pair.
[   27.247003] cloud-init[661]: Your identification has been saved in /etc/ssh/ssh_host_ed25519_key.
[   27.266472] cloud-init[661]: Your public key has been saved in /etc/ssh/ssh_host_ed25519_key.pub.
[   27.277579] cloud-init[661]: The key fingerprint is:
[   27.288863]          Starting Dispatcher daemon for systemd-networkd...
         Starting Virtualbox guest utils...
cloud-init[661]: SHA256:xOH/EJOHjfchZZ95nzH+FKG6tHWGgnYbak0z85+G8mM root@ubuntu-bionic
[   27.318029] cloud-init[661]: The key's randomart image is:
[   27.332907] cloud-init[661]: +--[ED25519 256]--+
[   27.341682] cloud-init[661]: |        .     o. |
[   27.348413] cloud-init[661]: |       o . = o..+|
[   27.355131] cloud-init[661]: |        + * =..*o|
[   27.363215] cloud-init[661]: |       . ..=.oo.B|
[   27.370484] cloud-init[661]: |        Soo@ o.=o|
[   27.378767] cloud-init[661]: |        . *o% o..|
[   27.386833] cloud-init[661]: |         o =... .|
[   27.397819] cloud-init[661]: |        .  . E...|
[   27.406677] cloud-init         Starting Snap Daemon...
[[0;32m  OK  [0m] Started System Logging Service.
[[0;32m  OK  [0m] Started Availability of block devices.
[[0;32m  OK  [0m] Started Permit User Sessions.
[661]: |            +.oo |
[   27.423871] cloud-init[661]: +----[SHA256]-----+
[[0;32m  OK  [0m] Started Login Service.
[[0;32m  OK  [0m] Started Unattended Upgrades Shutdown.
         Starting Authorization Manager...
         Starting Terminate Plymouth Boot Screen...
         Starting Hold until boot process finishes up...
[[0;32m  OK  [0m] Started Hold until boot process finishes up.
[[0;32m  OK  [0m] Started Terminate Plymouth Boot Screen.
[[0;32m  OK  [0m] Started Serial Getty on ttyS0.
         Starting Set console scheme...
[[0;32m  OK  [0m] Started LSB: automatic crash report generation.
[[0;32m  OK  [0m] Started LSB: Record successful boot for GRUB.
[[0;32m  OK  [0m] Started Set console scheme.
[[0;32m  OK  [0m] Created slice system-getty.slice.
[[0;32m  OK  [0m] Started Getty on tty1.
[[0;32m  OK  [0m] Reached target Login Prompts.
[[0;32m  OK  [0m] Started Authorization Manager.
[[0;32m  OK  [0m] Started Accounts Service.
[[0;32m  OK  [0m] Started Virtualbox guest utils.
[[0;32m  OK  [0m] Started LXD - container startup/shutdown.
[[0;32m  OK  [0m] Started Dispatcher daemon for systemd-networkd.
[[0;32m  OK  [0m] Started Snap Daemon.
         Starting Wait until snapd is fully seeded...
[[0;32m  OK  [0m] Started Wait until snapd is fully seeded.
         Starting Apply the settings specified in cloud-config...
[[0;32m  OK  [0m] Started Pollinate to seed the pseudo random number generator.
         Starting OpenBSD Secure Shell server...
[[0;32m  OK  [0m] Started OpenBSD Secure Shell server.
[[0;32m  OK  [0m] Reached target Multi-User System.
[[0;32m  OK  [0m] Reached target Graphical Interface.
         Starting Update UTMP about System Runlevel Changes...
[[0;32m  OK  [0m] Started Update UTMP about System Runlevel Changes.
[[0;32m  OK  [0m] Created slice User Slice of vagrant.
         Starting User Manager for UID 1000...
[[0;32m  OK  [0m] Started Session 1 of user vagrant.
[[0;32m  OK  [0m] Started User Manager for UID 1000.
[   31.751369] cloud-init[1000]: Cloud-init v. 21.2-3-g899bfaa9-0ubuntu2~18.04.1 running 'modules:config' at Sun, 05 Sep 2021 11:35:59 +0000. Up 30.27 seconds.
[[0;32m  OK  [0m] Started Apply the settings specified in cloud-config.
         Starting Execute cloud user/final scripts...
ci-info: no authorized SSH keys fingerprints found for user ubuntu.
<14>Sep  5 11:36:02 cloud-init: #############################################################
<14>Sep  5 11:36:02 cloud-init: -----BEGIN SSH HOST KEY FINGERPRINTS-----
<14>Sep  5 11:36:02 cloud-init: 1024 SHA256:EeDkBPjXSy5XCT/kP8JhOJU5LcJLHua6pV8If/LvFV4 root@ubuntu-bionic (DSA)
<14>Sep  5 11:36:02 cloud-init: 256 SHA256:QR00JJhU3z3rarEavXlKXwle6YnCYSKVwsgb6Xs+TPM root@ubuntu-bionic (ECDSA)
<14>Sep  5 11:36:02 cloud-init: 256 SHA256:xOH/EJOHjfchZZ95nzH+FKG6tHWGgnYbak0z85+G8mM root@ubuntu-bionic (ED25519)
<14>Sep  5 11:36:02 cloud-init: 2048 SHA256:sigN+My/vFdK8ojunguJ2GhSAkZ1t5ih5dOPGSE+xAE root@ubuntu-bionic (RSA)
<14>Sep  5 11:36:02 cloud-init: -----END SSH HOST KEY FINGERPRINTS-----
<14>Sep  5 11:36:02 cloud-init: #############################################################
-----BEGIN SSH HOST KEY KEYS-----
ecdsa-sha2-nistp256 AAAAE2VjZHNhLXNoYTItbmlzdHAyNTYAAAAIbmlzdHAyNTYAAABBBD8mfNxw8CXe1oVB1XRWGFRqYvMLI0eQMlfOvmmgaRHBC/abExe56eI3UXmTXlxczetMbpYICFOL+iRrfUOR2S4= root@ubuntu-bionic
ssh-ed25519 AAAAC3NzaC1lZDI1NTE5AAAAIC5LPErXbNav/FGM/xq+IKPuEE4XrGGSGPj4Cm4Lrfw5 root@ubuntu-bionic
ssh-rsa AAAAB3NzaC1yc2EAAAADAQABAAABAQDWVkbN0ezz3TxrX0KmSetnia1ifC1nJi7wWvy5jZmf78rjl09+fVVZmNJTzUGofSn/Yno/ZxzbZQTBhmqslL7a2QbwOaGR/MC8pDiA9/tSxEAqJx+sC+tMlGtHenwMbvYP5BL1kLYknpuot+yoG82cfHREiYqgCPhhhoNf2Zn6SAfVVRUnWm5QVB/Mp+/E2DuEAYogbi1zRq98BMFVpAI9u4FqQODArJ9iSs95vW5Z8UX2s+uRhpWcdzcfI+pq+2nwcv/G7J8krtoWXoW1VzkVr+5SCASVWaliBaD6RfYxV8U4diovqPJUId+rlERIxcTvzMSx5ACFyZkWpw3YRcWR root@ubuntu-bionic
-----END SSH HOST KEY KEYS-----
[   33.424587] cloud-init[1145]: Cloud-init v. 21.2-3-g899bfaa9-0ubuntu2~18.04.1 running 'modules:final' at Sun, 05 Sep 2021 11:36:01 +0000. Up 32.51 seconds.
[   33.433224] cloud-init[1145]: ci-info: no authorized SSH keys fingerprints found for user ubuntu.
[   33.440197] cloud-init[1145]: Cloud-init v. 21.2-3-g899bfaa9-0ubuntu2~18.04.1 finished at Sun, 05 Sep 2021 11:36:02 +0000. Datasource DataSourceNoCloud [seed=/dev/sdb][dsmode=net].  Up 33.41 seconds

Ubuntu 18.04.5 LTS ubuntu-bionic ttyS0

ubuntu-bionic login: 